<?xml version="1.0" encoding="UTF-8" ?>
<testsuite tests="3" failures="0" name="maven.p01.AppTest" time="0.031" errors="0" skipped="0">
  <properties>
    <property name="java.runtime.name" value="Java(TM) SE Runtime Environment"/>
    <property name="sun.boot.library.path" value="E:\Engliah-ecilpse\jdk\jre\bin"/>
    <property name="java.vm.version" value="25.181-b13"/>
    <property name="java.vm.vendor" value="Oracle Corporation"/>
    <property name="maven.multiModuleProjectDirectory" value="E:/gitCode/web/maven/repo/p01"/>
    <property name="java.vendor.url" value="http://java.oracle.com/"/>
    <property name="path.separator" value=";"/>
    <property name="guice.disable.misplaced.annotation.check" value="true"/>
    <property name="java.vm.name" value="Java HotSpot(TM) 64-Bit Server VM"/>
    <property name="file.encoding.pkg" value="sun.io"/>
    <property name="user.script" value=""/>
    <property name="user.country" value="CN"/>
    <property name="sun.java.launcher" value="SUN_STANDARD"/>
    <property name="sun.os.patch.level" value=""/>
    <property name="java.vm.specification.name" value="Java Virtual Machine Specification"/>
    <property name="user.dir" value="E:\gitCode\web\maven\repo\p01"/>
    <property name="java.runtime.version" value="1.8.0_181-b13"/>
    <property name="java.awt.graphicsenv" value="sun.awt.Win32GraphicsEnvironment"/>
    <property name="java.endorsed.dirs" value="E:\Engliah-ecilpse\jdk\jre\lib\endorsed"/>
    <property name="os.arch" value="amd64"/>
    <property name="java.io.tmpdir" value="C:\Users\YSB\AppData\Local\Temp\"/>
    <property name="line.separator" value="
"/>
    <property name="java.vm.specification.vendor" value="Oracle Corporation"/>
    <property name="user.variant" value=""/>
    <property name="os.name" value="Windows 10"/>
    <property name="classworlds.conf" value="E:/Engliah-ecilpse/maven plugin/apache-maven-3.6.3/bin/m2.conf"/>
    <property name="sun.jnu.encoding" value="GBK"/>
    <property name="java.library.path" value="E:\Engliah-ecilpse\jdk\bin;C:\WINDOWS\Sun\Java\bin;C:\WINDOWS\system32;C:\WINDOWS;C:\Users\YSB\bin;D:\Program Files\Git\mingw64\bin;D:\Program Files\Git\usr\local\bin;D:\Program Files\Git\usr\bin;D:\Program Files\Git\usr\bin;D:\Program Files\Git\mingw64\bin;D:\Program Files\Git\usr\bin;C:\Users\YSB\bin;D:\app\YSB\product\11.2.0\dbhome_3\bin;C:\WINDOWS\system32;C:\WINDOWS;C:\WINDOWS\System32\Wbem;C:\WINDOWS\System32\WindowsPowerShell\v1.0;C:\WINDOWS\System32\OpenSSH;E:\Engliah-ecilpse\jdk\bin;E:\Engliah-ecilpse\jdk\jre\bin;E:\Engliah-ecilpse\Android plugin\SDK\platform-tools;E:\Engliah-ecilpse\Android plugin\SDK\tools;D:\Program FilesMicrosoft SQL Server\Client SDK\ODBC\130\Tools\Binn;D:\Program Files (x86)\Microsoft SQL Server\140\Tools\Binn;D:\Program FilesMicrosoft SQL Server\140\Tools\Binn;D:\Program FilesMicrosoft SQL Server\140\DTS\Binn;D:\Program Files (x86)\Microsoft SQL Server\Client SDK\ODBC\130\Tools\Binn;D:\Program Files (x86)\Microsoft SQL Server\140\DTS\Binn;D:\Program Files (x86)\Microsoft SQL Server\140\Tools\Binn\ManagementStudio;E:\Engliah-ecilpse\maven plugin\apache-maven-3.6.3\bin;D:\Program Files\Git\cmd;C:\Users\YSB\AppData\Local\Microsoft\WindowsApps;D:\Program Files\Microsoft VS Code\bin;D:\Program Files\Git\usr\bin\vendor_perl;D:\Program Files\Git\usr\bin\core_perl;."/>
    <property name="maven.conf" value="E:/Engliah-ecilpse/maven plugin/apache-maven-3.6.3/conf"/>
    <property name="java.specification.name" value="Java Platform API Specification"/>
    <property name="java.class.version" value="52.0"/>
    <property name="sun.management.compiler" value="HotSpot 64-Bit Tiered Compilers"/>
    <property name="os.version" value="10.0"/>
    <property name="library.jansi.path" value="E:/Engliah-ecilpse/maven plugin/apache-maven-3.6.3/lib/jansi-native"/>
    <property name="user.home" value="C:\Users\YSB"/>
    <property name="user.timezone" value="Asia/Shanghai"/>
    <property name="java.awt.printerjob" value="sun.awt.windows.WPrinterJob"/>
    <property name="java.specification.version" value="1.8"/>
    <property name="file.encoding" value="GBK"/>
    <property name="user.name" value="YSB"/>
    <property name="java.class.path" value="E:/Engliah-ecilpse/maven plugin/apache-maven-3.6.3/boot/plexus-classworlds-2.6.0.jar"/>
    <property name="java.vm.specification.version" value="1.8"/>
    <property name="sun.arch.data.model" value="64"/>
    <property name="java.home" value="E:\Engliah-ecilpse\jdk\jre"/>
    <property name="sun.java.command" value="org.codehaus.plexus.classworlds.launcher.Launcher package"/>
    <property name="java.specification.vendor" value="Oracle Corporation"/>
    <property name="user.language" value="zh"/>
    <property name="awt.toolkit" value="sun.awt.windows.WToolkit"/>
    <property name="java.vm.info" value="mixed mode"/>
    <property name="java.version" value="1.8.0_181"/>
    <property name="java.ext.dirs" value="E:\Engliah-ecilpse\jdk\jre\lib\ext;C:\WINDOWS\Sun\Java\lib\ext"/>
    <property name="sun.boot.class.path" value="E:\Engliah-ecilpse\jdk\jre\lib\resources.jar;E:\Engliah-ecilpse\jdk\jre\lib\rt.jar;E:\Engliah-ecilpse\jdk\jre\lib\sunrsasign.jar;E:\Engliah-ecilpse\jdk\jre\lib\jsse.jar;E:\Engliah-ecilpse\jdk\jre\lib\jce.jar;E:\Engliah-ecilpse\jdk\jre\lib\charsets.jar;E:\Engliah-ecilpse\jdk\jre\lib\jfr.jar;E:\Engliah-ecilpse\jdk\jre\classes"/>
    <property name="java.vendor" value="Oracle Corporation"/>
    <property name="maven.home" value="E:\Engliah-ecilpse\maven plugin\apache-maven-3.6.3"/>
    <property name="file.separator" value="\"/>
    <property name="java.vendor.url.bug" value="http://bugreport.sun.com/bugreport/"/>
    <property name="sun.cpu.endian" value="little"/>
    <property name="sun.io.unicode.encoding" value="UnicodeLittle"/>
    <property name="sun.desktop" value="windows"/>
    <property name="sun.cpu.isalist" value="amd64"/>
  </properties>
  <testcase classname="maven.p01.AppTest" name="testHex" time="0.03"/>
  <testcase classname="maven.p01.AppTest" name="testHex1" time="0"/>
  <testcase classname="maven.p01.AppTest" name="testLength" time="0.001"/>
</testsuite>